<?xml version="1.0" encoding="UTF-8"?>
<testsuites name="TS_TC_MONVIT_CADC_001" time="54" tests="0" failures="0" errors="1">
   <testsuite name="TS_TC_MONVIT_CADC_001" tests="0" failures="0" errors="1" time="54" timestamp="2018-05-22 11:14:11" hostname="rafael.henrique - MVBRRECDSK2925.mvrec.local" id="Test Suites/TS_TC_MONVIT_CADC_001">
      <properties>
         <property name="deviceName" value="motorola Moto G (5) (Android 7.0)"/>
         <property name="devicePlatform" value=""/>
         <property name="logFolder" value="C:\\Users\\rafael.henrique\\Katalon Studio\\MONVAT\\Reports\\TS_TC_MONVIT_CADC_001\\20180522_111410"/>
         <property name="logFiles" value="C:\\Users\\rafael.henrique\\Katalon Studio\\MONVAT\\Reports\\TS_TC_MONVIT_CADC_001\\20180522_111410\\appium.log, C:\\Users\\rafael.henrique\\Katalon Studio\\MONVAT\\Reports\\TS_TC_MONVIT_CADC_001\\20180522_111410\\execution0.log"/>
         <property name="attachments" value=""/>
         <property name="hostName" value="rafael.henrique - MVBRRECDSK2925.mvrec.local"/>
         <property name="os" value="Windows 7 64bit"/>
         <property name="katalonVersion" value="5.4.1.1"/>
         <property name="deviceOS" value="Android"/>
         <property name="appiumVersion" value="1.8.0"/>
         <property name="deviceModel" value="Moto G (5)"/>
         <property name="hostAddress" value="192.168.7.231"/>
         <property name="deviceManufacturer" value="motorola"/>
         <property name="deviceId" value="0038153251"/>
         <property name="deviceName" value="motorola Moto G (5) (Android 7.0)"/>
         <property name="deviceOSVersion" value="7.0"/>
      </properties>
      <testcase name="Test Cases/TEST_SCENARIOS/CADASTRO DE CONTAS/TC_MONVIT_CADC_001" classname="Test Cases/TEST_SCENARIOS/CADASTRO DE CONTAS/TC_MONVIT_CADC_001" status="ERROR">
         <error type="ERROR" message="Test Cases/TEST_SCENARIOS/CADASTRO DE CONTAS/TC_MONVIT_CADC_001 FAILED because (of) groovy.lang.MissingMethodException: No signature of method: static com.kms.katalon.core.mobile.keyword.MobileBuiltInKeywords.setText() is applicable for argument types: (com.kms.katalon.core.testobject.TestObject, java.lang.String, com.kms.katalon.core.model.FailureHandling) values: [TestObject - 'Object Repository/OBJ_SCREEN_REGISTER/txtNomeCompleto', ...]
Possible solutions: setText(com.kms.katalon.core.testobject.TestObject, java.lang.String, int), setText(com.kms.katalon.core.testobject.TestObject, java.lang.String, int, com.kms.katalon.core.model.FailureHandling), getText(com.kms.katalon.core.testobject.TestObject, int, com.kms.katalon.core.model.FailureHandling), getText(com.kms.katalon.core.testobject.TestObject, int), clearText(com.kms.katalon.core.testobject.TestObject, int, com.kms.katalon.core.model.FailureHandling), sendKeys(com.kms.katalon.core.testobject.TestObject, java.lang.String, com.kms.katalon.core.model.FailureHandling)"/>
         <system-out><![CDATA[2018-05-22 11:14:12 - [TEST_CASE][ERROR] - Test Cases/TEST_SCENARIOS/CADASTRO DE CONTAS/TC_MONVIT_CADC_001: Test Cases/TEST_SCENARIOS/CADASTRO DE CONTAS/TC_MONVIT_CADC_001 FAILED because (of) groovy.lang.MissingMethodException: No signature of method: static com.kms.katalon.core.mobile.keyword.MobileBuiltInKeywords.setText() is applicable for argument types: (com.kms.katalon.core.testobject.TestObject, java.lang.String, com.kms.katalon.core.model.FailureHandling) values: [TestObject - 'Object Repository/OBJ_SCREEN_REGISTER/txtNomeCompleto', ...]
Possible solutions: setText(com.kms.katalon.core.testobject.TestObject, java.lang.String, int), setText(com.kms.katalon.core.testobject.TestObject, java.lang.String, int, com.kms.katalon.core.model.FailureHandling), getText(com.kms.katalon.core.testobject.TestObject, int, com.kms.katalon.core.model.FailureHandling), getText(com.kms.katalon.core.testobject.TestObject, int), clearText(com.kms.katalon.core.testobject.TestObject, int, com.kms.katalon.core.model.FailureHandling), sendKeys(com.kms.katalon.core.testobject.TestObject, java.lang.String, com.kms.katalon.core.model.FailureHandling)

2018-05-22 11:14:12 - [TEST_STEP][PASSED] - callTestCase: Call Test Case 'Test Cases/START_APPLICATION/TC_START_APPLICATION' successfully

2018-05-22 11:14:12 - [TEST_CASE][PASSED] - Test Cases/START_APPLICATION/TC_START_APPLICATION: Test Cases/START_APPLICATION/TC_START_APPLICATION

2018-05-22 11:14:12 - [TEST_STEP][PASSED] - startApplication: Started app at: 'C:\Users\rafael.henrique\Katalon Studio\MONVAT\APK\MONVIT_v1.7.24.apk'

2018-05-22 11:14:48 - [MESSAGE][PASSED] - Started app at: 'C:\Users\rafael.henrique\Katalon Studio\MONVAT\APK\MONVIT_v1.7.24.apk'

2018-05-22 11:14:48 - [MESSAGE][PASSED] - Call Test Case 'Test Cases/START_APPLICATION/TC_START_APPLICATION' successfully

2018-05-22 11:14:48 - [TEST_STEP][PASSED] - callTestCase: Call Test Case 'Test Cases/NAVIGATION_MENU/TC_NAVIGATION_CADASTRO' successfully

2018-05-22 11:14:48 - [TEST_CASE][PASSED] - Test Cases/NAVIGATION_MENU/TC_NAVIGATION_CADASTRO: Test Cases/NAVIGATION_MENU/TC_NAVIGATION_CADASTRO

2018-05-22 11:14:48 - [TEST_STEP][PASSED] - delay: Delayed 5 second(s)

2018-05-22 11:14:53 - [MESSAGE][PASSED] - Delayed 5 second(s)

2018-05-22 11:14:53 - [TEST_STEP][PASSED] - hideKeyboard: Keyboard is hidden

2018-05-22 11:14:54 - [MESSAGE][PASSED] - Keyboard is hidden

2018-05-22 11:14:54 - [TEST_STEP][PASSED] - delay: Delayed 2 second(s)

2018-05-22 11:14:56 - [MESSAGE][PASSED] - Delayed 2 second(s)

2018-05-22 11:14:56 - [TEST_STEP][PASSED] - tap: Tapped on element 'Object Repository/OBJ_LOGIN_SCREEN/android.widget.Button1 - No tenho uma conta. Quero me cadastrar.'

2018-05-22 11:14:58 - [MESSAGE][PASSED] - Tapped on element 'Object Repository/OBJ_LOGIN_SCREEN/android.widget.Button1 - No tenho uma conta. Quero me cadastrar.'

2018-05-22 11:14:58 - [TEST_STEP][PASSED] - delay: Delayed 2 second(s)

2018-05-22 11:15:00 - [MESSAGE][PASSED] - Delayed 2 second(s)

2018-05-22 11:15:00 - [MESSAGE][PASSED] - Call Test Case 'Test Cases/NAVIGATION_MENU/TC_NAVIGATION_CADASTRO' successfully

2018-05-22 11:15:00 - [TEST_STEP][PASSED] - Statement - pathTestCaseName = "Screenshots/TC_MONVIT_CADC_001": null

2018-05-22 11:15:00 - [TEST_STEP][PASSED] - Statement - folderTestCaseName = new java.io.File(pathTestCaseName): null

2018-05-22 11:15:00 - [TEST_STEP][PASSED] - Statement - idxImgEvidence = 0: null

2018-05-22 11:15:00 - [TEST_STEP][PASSED] - Statement - strMsgCampoObrigatorio = "Esse campo é obrigatório.": null

2018-05-22 11:15:00 - [TEST_STEP][PASSED] - Statement - strMsgNomeCompleto = "Você precisa informar o seu nome completo": null

2018-05-22 11:15:00 - [TEST_STEP][PASSED] - Statement - strInvalidCPF = "CPF inválido": null

2018-05-22 11:15:00 - [TEST_STEP][PASSED] - Statement - strMinCharactersCPF = "Pelo menos 11 caracteres": null

2018-05-22 11:15:00 - [TEST_STEP][PASSED] - Statement - strMaxAgeDate = "A idade máxima é de 150 anos": null

2018-05-22 11:15:00 - [TEST_STEP][PASSED] - Statement - strMinAgeDate = "A idade mínima é de 5 anos": null

2018-05-22 11:15:00 - [TEST_STEP][PASSED] - Statement - strInvalidEmail = "Endereço de email inválido": null

2018-05-22 11:15:00 - [TEST_STEP][PASSED] - Statement - strPassSmall = "Senha muito curta": null

2018-05-22 11:15:00 - [TEST_STEP][PASSED] - Statement - strUseTerms = "Senha muito curta": null

2018-05-22 11:15:00 - [TEST_STEP][PASSED] - hideKeyboard: Keyboard is hidden

2018-05-22 11:15:01 - [MESSAGE][PASSED] - Keyboard is hidden

2018-05-22 11:15:01 - [TEST_STEP][PASSED] - tap: Tapped on element 'Object Repository/OBJ_SCREEN_REGISTER/btnSalvar'

2018-05-22 11:15:03 - [MESSAGE][PASSED] - Tapped on element 'Object Repository/OBJ_SCREEN_REGISTER/btnSalvar'

2018-05-22 11:15:03 - [TEST_STEP][PASSED] - delay: Delayed 1 second(s)

2018-05-22 11:15:04 - [MESSAGE][PASSED] - Delayed 1 second(s)

2018-05-22 11:15:04 - [TEST_STEP][PASSED] - Statement - If (!(folderTestCaseName.exists())): null

2018-05-22 11:15:04 - [TEST_STEP][PASSED] - setText: Finding Test Object with id 'Object Repository/OBJ_SCREEN_REGISTER/txtNomeCompleto']]></system-out>
         <system-err><![CDATA[2018-05-22 11:14:12 - [TEST_CASE][ERROR] - Test Cases/TEST_SCENARIOS/CADASTRO DE CONTAS/TC_MONVIT_CADC_001: Test Cases/TEST_SCENARIOS/CADASTRO DE CONTAS/TC_MONVIT_CADC_001 FAILED because (of) groovy.lang.MissingMethodException: No signature of method: static com.kms.katalon.core.mobile.keyword.MobileBuiltInKeywords.setText() is applicable for argument types: (com.kms.katalon.core.testobject.TestObject, java.lang.String, com.kms.katalon.core.model.FailureHandling) values: [TestObject - 'Object Repository/OBJ_SCREEN_REGISTER/txtNomeCompleto', ...]
Possible solutions: setText(com.kms.katalon.core.testobject.TestObject, java.lang.String, int), setText(com.kms.katalon.core.testobject.TestObject, java.lang.String, int, com.kms.katalon.core.model.FailureHandling), getText(com.kms.katalon.core.testobject.TestObject, int, com.kms.katalon.core.model.FailureHandling), getText(com.kms.katalon.core.testobject.TestObject, int), clearText(com.kms.katalon.core.testobject.TestObject, int, com.kms.katalon.core.model.FailureHandling), sendKeys(com.kms.katalon.core.testobject.TestObject, java.lang.String, com.kms.katalon.core.model.FailureHandling)]]></system-err>
      </testcase>
      <system-out><![CDATA[2018-05-22 11:14:11 - [TEST_SUITE][ERROR] - TS_TC_MONVIT_CADC_001: Test Cases/TEST_SCENARIOS/CADASTRO DE CONTAS/TC_MONVIT_CADC_001 FAILED because (of) groovy.lang.MissingMethodException: No signature of method: static com.kms.katalon.core.mobile.keyword.MobileBuiltInKeywords.setText() is applicable for argument types: (com.kms.katalon.core.testobject.TestObject, java.lang.String, com.kms.katalon.core.model.FailureHandling) values: [TestObject - 'Object Repository/OBJ_SCREEN_REGISTER/txtNomeCompleto', ...]
Possible solutions: setText(com.kms.katalon.core.testobject.TestObject, java.lang.String, int), setText(com.kms.katalon.core.testobject.TestObject, java.lang.String, int, com.kms.katalon.core.model.FailureHandling), getText(com.kms.katalon.core.testobject.TestObject, int, com.kms.katalon.core.model.FailureHandling), getText(com.kms.katalon.core.testobject.TestObject, int), clearText(com.kms.katalon.core.testobject.TestObject, int, com.kms.katalon.core.model.FailureHandling), sendKeys(com.kms.katalon.core.testobject.TestObject, java.lang.String, com.kms.katalon.core.model.FailureHandling)]]></system-out>
      <system-err><![CDATA[2018-05-22 11:14:11 - [TEST_SUITE][ERROR] - TS_TC_MONVIT_CADC_001: Test Cases/TEST_SCENARIOS/CADASTRO DE CONTAS/TC_MONVIT_CADC_001 FAILED because (of) groovy.lang.MissingMethodException: No signature of method: static com.kms.katalon.core.mobile.keyword.MobileBuiltInKeywords.setText() is applicable for argument types: (com.kms.katalon.core.testobject.TestObject, java.lang.String, com.kms.katalon.core.model.FailureHandling) values: [TestObject - 'Object Repository/OBJ_SCREEN_REGISTER/txtNomeCompleto', ...]
Possible solutions: setText(com.kms.katalon.core.testobject.TestObject, java.lang.String, int), setText(com.kms.katalon.core.testobject.TestObject, java.lang.String, int, com.kms.katalon.core.model.FailureHandling), getText(com.kms.katalon.core.testobject.TestObject, int, com.kms.katalon.core.model.FailureHandling), getText(com.kms.katalon.core.testobject.TestObject, int), clearText(com.kms.katalon.core.testobject.TestObject, int, com.kms.katalon.core.model.FailureHandling), sendKeys(com.kms.katalon.core.testobject.TestObject, java.lang.String, com.kms.katalon.core.model.FailureHandling)]]></system-err>
   </testsuite>
</testsuites>
