<?xml version="1.0" encoding="UTF-8"?>
<testsuites name="TestSuit_TC_MONVIT_CADC_001" time="30" tests="2" failures="0" errors="0">
   <testsuite name="TestSuit_TC_MONVIT_CADC_001" tests="2" failures="0" errors="0" time="30" timestamp="2018-05-16 10:07:54" hostname="rafael.henrique - MVBRRECDSK2925.mvrec.local" id="Test Suites/TestSuit_TC_MONVIT_CADC_001">
      <properties>
         <property name="deviceName" value="motorola XT1058 (Android 5.1)"/>
         <property name="devicePlatform" value=""/>
         <property name="logFolder" value="C:\\Users\\rafael.henrique\\Katalon Studio\\MONVAT\\Reports\\TestSuit_TC_MONVIT_CADC_001\\20180516_100753"/>
         <property name="logFiles" value="C:\\Users\\rafael.henrique\\Katalon Studio\\MONVAT\\Reports\\TestSuit_TC_MONVIT_CADC_001\\20180516_100753\\appium.log, C:\\Users\\rafael.henrique\\Katalon Studio\\MONVAT\\Reports\\TestSuit_TC_MONVIT_CADC_001\\20180516_100753\\execution0.log"/>
         <property name="attachments" value=""/>
         <property name="hostName" value="rafael.henrique - MVBRRECDSK2925.mvrec.local"/>
         <property name="os" value="Windows 7 64bit"/>
         <property name="katalonVersion" value="5.4.1.1"/>
         <property name="deviceOS" value="Android"/>
         <property name="appiumVersion" value="1.8.0"/>
         <property name="deviceModel" value="XT1058"/>
         <property name="hostAddress" value="192.168.7.231"/>
         <property name="deviceManufacturer" value="motorola"/>
         <property name="deviceId" value="0422530563"/>
         <property name="deviceName" value="motorola XT1058 (Android 5.1)"/>
         <property name="deviceOSVersion" value="5.1"/>
      </properties>
      <testcase name="Test Cases/START_APPLICATION/TC_START_APPLICATION" classname="Test Cases/START_APPLICATION/TC_START_APPLICATION" status="PASSED">
         <system-out><![CDATA[2018-05-16 10:07:54 - [TEST_CASE][PASSED] - Test Cases/START_APPLICATION/TC_START_APPLICATION: Test Cases/START_APPLICATION/TC_START_APPLICATION

2018-05-16 10:07:55 - [TEST_STEP][PASSED] - startApplication: Started app at: 'C:\Users\rafael.henrique\Katalon Studio\MONVAT\APK\MONVIT_v1.7.22.apk'

2018-05-16 10:08:07 - [MESSAGE][PASSED] - Started app at: 'C:\Users\rafael.henrique\Katalon Studio\MONVAT\APK\MONVIT_v1.7.22.apk']]></system-out>
         <system-err><![CDATA[]]></system-err>
      </testcase>
      <testcase name="Test Cases/REGISTER/TC_REGISTER" classname="Test Cases/REGISTER/TC_REGISTER" status="PASSED">
         <system-out><![CDATA[2018-05-16 10:08:07 - [TEST_CASE][PASSED] - Test Cases/REGISTER/TC_REGISTER: Test Cases/REGISTER/TC_REGISTER

2018-05-16 10:08:07 - [TEST_STEP][PASSED] - tap: Tapped on element 'Object Repository/OBJ_LOGIN_SCREEN/android.widget.Button1 - No tenho uma conta. Quero me cadastrar.'

2018-05-16 10:08:12 - [MESSAGE][PASSED] - Tapped on element 'Object Repository/OBJ_LOGIN_SCREEN/android.widget.Button1 - No tenho uma conta. Quero me cadastrar.'

2018-05-16 10:08:12 - [TEST_STEP][PASSED] - delay: Delayed 10 second(s)

2018-05-16 10:08:22 - [MESSAGE][PASSED] - Delayed 10 second(s)]]></system-out>
         <system-err><![CDATA[]]></system-err>
      </testcase>
      <system-out><![CDATA[2018-05-16 10:07:54 - [TEST_SUITE][PASSED] - TestSuit_TC_MONVIT_CADC_001: Test Cases/REGISTER/TC_REGISTER]]></system-out>
      <system-err><![CDATA[]]></system-err>
   </testsuite>
</testsuites>
