<?xml version="1.0" encoding="UTF-8"?>
<testsuites name="TS_TC_MONVIT_CADC_001" time="0" tests="1" failures="0" errors="0">
   <testsuite name="TS_TC_MONVIT_CADC_001" tests="1" failures="0" errors="0" time="0" timestamp="2018-05-23 15:08:29" hostname="rafael.henrique - MVBRRECDSK2925.mvrec.local" id="Test Suites/TS_TC_MONVIT_CADC_001">
      <properties>
         <property name="deviceName" value=""/>
         <property name="devicePlatform" value=""/>
         <property name="logFolder" value="C:\\Users\\rafael.henrique\\Katalon Studio\\MONVAT\\Reports\\TS_TC_MONVIT_CADC_001\\20180523_150827"/>
         <property name="logFiles" value="C:\\Users\\rafael.henrique\\Katalon Studio\\MONVAT\\Reports\\TS_TC_MONVIT_CADC_001\\20180523_150827\\execution0.log"/>
         <property name="attachments" value=""/>
         <property name="hostName" value="rafael.henrique - MVBRRECDSK2925.mvrec.local"/>
         <property name="hostAddress" value="192.168.7.231"/>
         <property name="os" value="Windows 7 64bit"/>
         <property name="katalonVersion" value="5.4.1.1"/>
      </properties>
      <testcase name="Test Cases/TEST_SCENARIOS/CADASTRO DE CONTAS/TC_MONVIT_CADC_001" classname="Test Cases/TEST_SCENARIOS/CADASTRO DE CONTAS/TC_MONVIT_CADC_001" status="PASSED">
         <system-out><![CDATA[2018-05-23 15:08:29 - [TEST_CASE][PASSED] - Test Cases/TEST_SCENARIOS/CADASTRO DE CONTAS/TC_MONVIT_CADC_001: null]]></system-out>
         <system-err><![CDATA[]]></system-err>
      </testcase>
      <system-out><![CDATA[2018-05-23 15:08:29 - [TEST_SUITE][INCOMPLETE] - TS_TC_MONVIT_CADC_001: null]]></system-out>
      <system-err><![CDATA[2018-05-23 15:08:29 - [TEST_SUITE][INCOMPLETE] - TS_TC_MONVIT_CADC_001: null]]></system-err>
   </testsuite>
</testsuites>
