<?xml version="1.0" encoding="UTF-8"?>
<testsuites name="TestSuit_TC_MONVIT_CADC_001" time="54" tests="1" failures="0" errors="1">
   <testsuite name="TestSuit_TC_MONVIT_CADC_001" tests="1" failures="0" errors="1" time="54" timestamp="2018-05-16 14:49:46" hostname="rafael.henrique - MVBRRECDSK2925.mvrec.local" id="Test Suites/TestSuit_TC_MONVIT_CADC_001">
      <properties>
         <property name="deviceName" value="samsung SM-T825 (Android 7.0)"/>
         <property name="devicePlatform" value=""/>
         <property name="logFolder" value="C:\\Users\\rafael.henrique\\Katalon Studio\\MONVAT\\Reports\\TestSuit_TC_MONVIT_CADC_001\\20180516_144945"/>
         <property name="logFiles" value="C:\\Users\\rafael.henrique\\Katalon Studio\\MONVAT\\Reports\\TestSuit_TC_MONVIT_CADC_001\\20180516_144945\\appium.log, C:\\Users\\rafael.henrique\\Katalon Studio\\MONVAT\\Reports\\TestSuit_TC_MONVIT_CADC_001\\20180516_144945\\execution0.log"/>
         <property name="attachments" value="C:\\Users\\rafael.henrique\\Katalon Studio\\MONVAT\\Reports\\TestSuit_TC_MONVIT_CADC_001\\20180516_144945\\Screenshots/MONVIT/TC_MONVIT_CADC_001/20180516_001/001.png"/>
         <property name="hostName" value="rafael.henrique - MVBRRECDSK2925.mvrec.local"/>
         <property name="os" value="Windows 7 64bit"/>
         <property name="katalonVersion" value="5.4.1.1"/>
         <property name="deviceOS" value="Android"/>
         <property name="appiumVersion" value="1.8.0"/>
         <property name="deviceModel" value="SM-T825"/>
         <property name="hostAddress" value="192.168.7.231"/>
         <property name="deviceManufacturer" value="samsung"/>
         <property name="deviceId" value="172f64f0"/>
         <property name="deviceName" value="samsung SM-T825 (Android 7.0)"/>
         <property name="deviceOSVersion" value="7.0"/>
      </properties>
      <testcase name="Test Cases/START_APPLICATION/TC_START_APPLICATION" classname="Test Cases/START_APPLICATION/TC_START_APPLICATION" status="PASSED">
         <system-out><![CDATA[2018-05-16 14:49:46 - [TEST_CASE][PASSED] - Test Cases/START_APPLICATION/TC_START_APPLICATION: Test Cases/START_APPLICATION/TC_START_APPLICATION

2018-05-16 14:49:47 - [TEST_STEP][PASSED] - startApplication: Started app at: 'C:\Users\rafael.henrique\Katalon Studio\MONVAT\APK\MONVIT_v1.7.22.apk'

2018-05-16 14:50:24 - [MESSAGE][PASSED] - Started app at: 'C:\Users\rafael.henrique\Katalon Studio\MONVAT\APK\MONVIT_v1.7.22.apk']]></system-out>
         <system-err><![CDATA[]]></system-err>
      </testcase>
      <testcase name="Test Cases/REGISTER/TC_REGISTER" classname="Test Cases/REGISTER/TC_REGISTER" status="ERROR">
         <error type="ERROR" message="Test Cases/REGISTER/TC_REGISTER FAILED because (of) groovy.lang.MissingMethodException: No signature of method: java.io.File.mkdir() is applicable for argument types: (java.lang.String) values: [Screenshots/MONVIT/TC_MONVIT_CADC_001/20180516_002]
Possible solutions: mkdir(), mkdirs(), wait(), toURI(), wait(long), split(groovy.lang.Closure)"/>
         <system-out><![CDATA[2018-05-16 14:50:24 - [TEST_CASE][ERROR] - Test Cases/REGISTER/TC_REGISTER: Test Cases/REGISTER/TC_REGISTER FAILED because (of) groovy.lang.MissingMethodException: No signature of method: java.io.File.mkdir() is applicable for argument types: (java.lang.String) values: [Screenshots/MONVIT/TC_MONVIT_CADC_001/20180516_002]
Possible solutions: mkdir(), mkdirs(), wait(), toURI(), wait(long), split(groovy.lang.Closure)

2018-05-16 14:50:24 - [TEST_STEP][PASSED] - delay: Delayed 5 second(s)

2018-05-16 14:50:29 - [MESSAGE][PASSED] - Delayed 5 second(s)

2018-05-16 14:50:29 - [TEST_STEP][PASSED] - pressBack: Press back button successfully

2018-05-16 14:50:29 - [MESSAGE][PASSED] - Press back button successfully

2018-05-16 14:50:29 - [TEST_STEP][PASSED] - tap: Tapped on element 'Object Repository/OBJ_LOGIN_SCREEN/android.widget.Button1 - No tenho uma conta. Quero me cadastrar.'

2018-05-16 14:50:32 - [MESSAGE][PASSED] - Tapped on element 'Object Repository/OBJ_LOGIN_SCREEN/android.widget.Button1 - No tenho uma conta. Quero me cadastrar.'

2018-05-16 14:50:32 - [TEST_STEP][PASSED] - Statement - titleViewRegister = com.kms.katalon.core.mobile.keyword.MobileBuiltInKeywords.getText(com.kms.katalon.core.testobject.ObjectRepository.findTestObject(Object Repository/OBJ_SCREEN_REGISTER/android.widget.TextView0 - Crie sua conta), 10): Text of element 'Object Repository/OBJ_SCREEN_REGISTER/android.widget.TextView0 - Crie sua conta' is: 'Crie sua conta'

2018-05-16 14:50:32 - [MESSAGE][PASSED] - Text of element 'Object Repository/OBJ_SCREEN_REGISTER/android.widget.TextView0 - Crie sua conta' is: 'Crie sua conta'

2018-05-16 14:50:32 - [TEST_STEP][PASSED] - delay: Delayed 5 second(s)

2018-05-16 14:50:37 - [MESSAGE][PASSED] - Delayed 5 second(s)

2018-05-16 14:50:37 - [TEST_STEP][PASSED] - Statement - If (titleViewRegister == "Crie sua conta"): null

2018-05-16 14:50:37 - [TEST_STEP][PASSED] - takeScreenshot: Screenshot is taken

2018-05-16 14:50:39 - [MESSAGE][PASSED] - Screenshot is taken
[[ATTACHMENT|C:\\Users\\rafael.henrique\\Katalon Studio\\MONVAT\\Reports\\TestSuit_TC_MONVIT_CADC_001\\20180516_144945\\Screenshots/MONVIT/TC_MONVIT_CADC_001/20180516_001/001.png]]

2018-05-16 14:50:39 - [TEST_STEP][PASSED] - Statement - new java.io.File(teste.txt).mkdir("Screenshots/MONVIT/TC_MONVIT_CADC_001/20180516_002"): null]]></system-out>
         <system-err><![CDATA[2018-05-16 14:50:24 - [TEST_CASE][ERROR] - Test Cases/REGISTER/TC_REGISTER: Test Cases/REGISTER/TC_REGISTER FAILED because (of) groovy.lang.MissingMethodException: No signature of method: java.io.File.mkdir() is applicable for argument types: (java.lang.String) values: [Screenshots/MONVIT/TC_MONVIT_CADC_001/20180516_002]
Possible solutions: mkdir(), mkdirs(), wait(), toURI(), wait(long), split(groovy.lang.Closure)]]></system-err>
      </testcase>
      <system-out><![CDATA[2018-05-16 14:49:46 - [TEST_SUITE][ERROR] - TestSuit_TC_MONVIT_CADC_001: Test Cases/REGISTER/TC_REGISTER FAILED because (of) groovy.lang.MissingMethodException: No signature of method: java.io.File.mkdir() is applicable for argument types: (java.lang.String) values: [Screenshots/MONVIT/TC_MONVIT_CADC_001/20180516_002]
Possible solutions: mkdir(), mkdirs(), wait(), toURI(), wait(long), split(groovy.lang.Closure)]]></system-out>
      <system-err><![CDATA[2018-05-16 14:49:46 - [TEST_SUITE][ERROR] - TestSuit_TC_MONVIT_CADC_001: Test Cases/REGISTER/TC_REGISTER FAILED because (of) groovy.lang.MissingMethodException: No signature of method: java.io.File.mkdir() is applicable for argument types: (java.lang.String) values: [Screenshots/MONVIT/TC_MONVIT_CADC_001/20180516_002]
Possible solutions: mkdir(), mkdirs(), wait(), toURI(), wait(long), split(groovy.lang.Closure)]]></system-err>
   </testsuite>
</testsuites>
