<?xml version="1.0" encoding="UTF-8"?>
<testsuites name="TestSuit_TC_MONVIT_CADC_001" time="51" tests="1" failures="1" errors="0">
   <testsuite name="TestSuit_TC_MONVIT_CADC_001" tests="1" failures="1" errors="0" time="51" timestamp="2018-05-16 14:14:39" hostname="rafael.henrique - MVBRRECDSK2925.mvrec.local" id="Test Suites/TestSuit_TC_MONVIT_CADC_001">
      <properties>
         <property name="deviceName" value="samsung SM-T825 (Android 7.0)"/>
         <property name="devicePlatform" value=""/>
         <property name="logFolder" value="C:\\Users\\rafael.henrique\\Katalon Studio\\MONVAT\\Reports\\TestSuit_TC_MONVIT_CADC_001\\20180516_141436"/>
         <property name="logFiles" value="C:\\Users\\rafael.henrique\\Katalon Studio\\MONVAT\\Reports\\TestSuit_TC_MONVIT_CADC_001\\20180516_141436\\appium.log, C:\\Users\\rafael.henrique\\Katalon Studio\\MONVAT\\Reports\\TestSuit_TC_MONVIT_CADC_001\\20180516_141436\\execution0.log"/>
         <property name="attachments" value="C:\\Users\\rafael.henrique\\Katalon Studio\\MONVAT\\Reports\\TestSuit_TC_MONVIT_CADC_001\\20180516_141436\\1526490927289.png, C:\\Users\\rafael.henrique\\Katalon Studio\\MONVAT\\Reports\\TestSuit_TC_MONVIT_CADC_001\\20180516_141436\\1526490928208.png"/>
         <property name="hostName" value="rafael.henrique - MVBRRECDSK2925.mvrec.local"/>
         <property name="os" value="Windows 7 64bit"/>
         <property name="katalonVersion" value="5.4.1.1"/>
         <property name="deviceOS" value="Android"/>
         <property name="appiumVersion" value="1.8.0"/>
         <property name="deviceModel" value="SM-T825"/>
         <property name="hostAddress" value="192.168.7.231"/>
         <property name="deviceManufacturer" value="samsung"/>
         <property name="deviceId" value="172f64f0"/>
         <property name="deviceName" value="samsung SM-T825 (Android 7.0)"/>
         <property name="deviceOSVersion" value="7.0"/>
      </properties>
      <testcase name="Test Cases/START_APPLICATION/TC_START_APPLICATION" classname="Test Cases/START_APPLICATION/TC_START_APPLICATION" status="PASSED">
         <system-out><![CDATA[2018-05-16 14:14:39 - [TEST_CASE][PASSED] - Test Cases/START_APPLICATION/TC_START_APPLICATION: Test Cases/START_APPLICATION/TC_START_APPLICATION

2018-05-16 14:14:40 - [TEST_STEP][PASSED] - startApplication: Started app at: 'C:\Users\rafael.henrique\Katalon Studio\MONVAT\APK\MONVIT_v1.7.22.apk'

2018-05-16 14:15:16 - [MESSAGE][PASSED] - Started app at: 'C:\Users\rafael.henrique\Katalon Studio\MONVAT\APK\MONVIT_v1.7.22.apk']]></system-out>
         <system-err><![CDATA[]]></system-err>
      </testcase>
      <testcase name="Test Cases/REGISTER/TC_REGISTER" classname="Test Cases/REGISTER/TC_REGISTER" status="FAILED">
         <failure type="FAILED" message="Failed to tap on element 'Object Repository/OBJ_LOGIN_SCREEN/android.widget.Button1 - No tenho uma conta. Quero me cadastrar.' (Root cause: Object Object Repository/OBJ_LOGIN_SCREEN/android.widget.Button1 - No tenho uma conta. Quero me cadastrar. not found)"/>
         <system-out><![CDATA[2018-05-16 14:15:16 - [TEST_CASE][FAILED] - Test Cases/REGISTER/TC_REGISTER: Test Cases/REGISTER/TC_REGISTER FAILED because (of) Failed to tap on element 'Object Repository/OBJ_LOGIN_SCREEN/android.widget.Button1 - No tenho uma conta. Quero me cadastrar.' (Root cause: Object Object Repository/OBJ_LOGIN_SCREEN/android.widget.Button1 - No tenho uma conta. Quero me cadastrar. not found)

2018-05-16 14:15:16 - [TEST_STEP][PASSED] - delay: Delayed 5 second(s)

2018-05-16 14:15:21 - [MESSAGE][PASSED] - Delayed 5 second(s)

2018-05-16 14:15:21 - [TEST_STEP][PASSED] - pressBack: Press back button successfully

2018-05-16 14:15:22 - [MESSAGE][PASSED] - Press back button successfully

2018-05-16 14:15:22 - [TEST_STEP][FAILED] - tap: Failed to tap on element 'Object Repository/OBJ_LOGIN_SCREEN/android.widget.Button1 - No tenho uma conta. Quero me cadastrar.' (Root cause: Object Object Repository/OBJ_LOGIN_SCREEN/android.widget.Button1 - No tenho uma conta. Quero me cadastrar. not found)

2018-05-16 14:15:28 - [MESSAGE][FAILED] - Object Object Repository/OBJ_LOGIN_SCREEN/android.widget.Button1 - No tenho uma conta. Quero me cadastrar. not found
[[ATTACHMENT|C:\\Users\\rafael.henrique\\Katalon Studio\\MONVAT\\Reports\\TestSuit_TC_MONVIT_CADC_001\\20180516_141436\\1526490927289.png]]

2018-05-16 14:15:29 - [MESSAGE][FAILED] - Failed to tap on element 'Object Repository/OBJ_LOGIN_SCREEN/android.widget.Button1 - No tenho uma conta. Quero me cadastrar.' (Root cause: Object Object Repository/OBJ_LOGIN_SCREEN/android.widget.Button1 - No tenho uma conta. Quero me cadastrar. not found)
[[ATTACHMENT|C:\\Users\\rafael.henrique\\Katalon Studio\\MONVAT\\Reports\\TestSuit_TC_MONVIT_CADC_001\\20180516_141436\\1526490928208.png]]]]></system-out>
         <system-err><![CDATA[2018-05-16 14:15:16 - [TEST_CASE][FAILED] - Test Cases/REGISTER/TC_REGISTER: Test Cases/REGISTER/TC_REGISTER FAILED because (of) Failed to tap on element 'Object Repository/OBJ_LOGIN_SCREEN/android.widget.Button1 - No tenho uma conta. Quero me cadastrar.' (Root cause: Object Object Repository/OBJ_LOGIN_SCREEN/android.widget.Button1 - No tenho uma conta. Quero me cadastrar. not found)]]></system-err>
      </testcase>
      <system-out><![CDATA[2018-05-16 14:14:39 - [TEST_SUITE][FAILED] - TestSuit_TC_MONVIT_CADC_001: Test Cases/REGISTER/TC_REGISTER FAILED because (of) Failed to tap on element 'Object Repository/OBJ_LOGIN_SCREEN/android.widget.Button1 - No tenho uma conta. Quero me cadastrar.' (Root cause: Object Object Repository/OBJ_LOGIN_SCREEN/android.widget.Button1 - No tenho uma conta. Quero me cadastrar. not found)]]></system-out>
      <system-err><![CDATA[2018-05-16 14:14:39 - [TEST_SUITE][FAILED] - TestSuit_TC_MONVIT_CADC_001: Test Cases/REGISTER/TC_REGISTER FAILED because (of) Failed to tap on element 'Object Repository/OBJ_LOGIN_SCREEN/android.widget.Button1 - No tenho uma conta. Quero me cadastrar.' (Root cause: Object Object Repository/OBJ_LOGIN_SCREEN/android.widget.Button1 - No tenho uma conta. Quero me cadastrar. not found)]]></system-err>
   </testsuite>
</testsuites>
